<?xml version="1.0" encoding="UTF-8"?>
<testng-results ignored="0" total="1" passed="1" failed="0" skipped="0">
  <reporter-output>
  </reporter-output>
  <suite started-at="2025-02-12T21:46:55 IST" name="Default suite" finished-at="2025-02-12T21:47:27 IST" duration-ms="32075">
    <groups>
    </groups>
    <test started-at="2025-02-12T21:46:55 IST" name="Default test" finished-at="2025-02-12T21:47:27 IST" duration-ms="32075">
      <class name="mylearning.SerializationTest">
        <test-method signature="addBook()[pri:0, instance:mylearning.SerializationTest@77847718]" started-at="2025-02-12T21:46:55 IST" name="addBook" finished-at="2025-02-12T21:47:27 IST" duration-ms="31595" status="PASS">
          <reporter-output>
          </reporter-output>
        </test-method> <!-- addBook -->
      </class> <!-- mylearning.SerializationTest -->
    </test> <!-- Default test -->
  </suite> <!-- Default suite -->
</testng-results>
